#
# There is insufficient memory for the Java Runtime Environment to continue.
# Native memory allocation (malloc) failed to allocate 1654896 bytes for Chunk::new
# Possible reasons:
#   The system is out of physical RAM or swap space
#   In 32 bit mode, the process size limit was hit
# Possible solutions:
#   Reduce memory load on the system
#   Increase physical memory or swap space
#   Check if swap backing store is full
#   Use 64 bit Java on a 64 bit OS
#   Decrease Java heap size (-Xmx/-Xms)
#   Decrease number of Java threads
#   Decrease Java thread stack sizes (-Xss)
#   Set larger code cache with -XX:ReservedCodeCacheSize=
# This output file may be truncated or incomplete.
#
#  Out of Memory Error (allocation.cpp:390), pid=6872, tid=0x0000000000004bc0
#
# JRE version: Java(TM) SE Runtime Environment (8.0_171-b11) (build 1.8.0_171-b11)
# Java VM: Java HotSpot(TM) 64-Bit Server VM (25.171-b11 mixed mode windows-amd64 compressed oops)
# Failed to write core dump. Minidumps are not enabled by default on client versions of Windows
#

---------------  T H R E A D  ---------------

Current thread (0x000000001775d800):  JavaThread "C2 CompilerThread0" daemon [_thread_in_native, id=19392, stack(0x0000000017f30000,0x0000000018030000)]

Stack: [0x0000000017f30000,0x0000000018030000]
[error occurred during error reporting (printing stack bounds), id 0xc0000005]

Native frames: (J=compiled Java code, j=interpreted, Vv=VM code, C=native code)


Current CompileTask:
C2: 516452 12613       4       org.eclipse.jdt.ls.core.internal.hover.JavaElementLabelComposer::appendTypeSignatureLabel (284 bytes)


---------------  P R O C E S S  ---------------

Java Threads: ( => current thread )
  0x000000001d431800 JavaThread "Worker-11" [_thread_blocked, id=24720, stack(0x0000000029af0000,0x0000000029bf0000)]
  0x000000001d42c000 JavaThread "ForkJoinPool.commonPool-worker-3" daemon [_thread_blocked, id=34752, stack(0x00000000299f0000,0x0000000029af0000)]
  0x000000001d42f000 JavaThread "ForkJoinPool.commonPool-worker-2" daemon [_thread_blocked, id=54204, stack(0x00000000298f0000,0x00000000299f0000)]
  0x000000001d42d800 JavaThread "pool-12-thread-1" [_thread_blocked, id=56832, stack(0x00000000297f0000,0x00000000298f0000)]
  0x000000001d430000 JavaThread "ForkJoinPool.commonPool-worker-1" daemon [_thread_blocked, id=47808, stack(0x00000000296f0000,0x00000000297f0000)]
  0x000000001d430800 JavaThread "ForkJoinPool.commonPool-worker-0" daemon [_thread_blocked, id=61516, stack(0x00000000295f0000,0x00000000296f0000)]
  0x000000001d42d000 JavaThread "ForkJoinPool.commonPool-worker-7" daemon [_thread_blocked, id=52376, stack(0x00000000294f0000,0x00000000295f0000)]
  0x000000001d424000 JavaThread "ForkJoinPool.commonPool-worker-6" daemon [_thread_blocked, id=38048, stack(0x00000000293f0000,0x00000000294f0000)]
  0x000000001d423000 JavaThread "ForkJoinPool.commonPool-worker-5" daemon [_thread_in_native, id=35940, stack(0x00000000292f0000,0x00000000293f0000)]
  0x000000001d42a800 JavaThread "Worker-8" [_thread_blocked, id=27232, stack(0x0000000027ef0000,0x0000000027ff0000)]
  0x000000001d429000 JavaThread "RxCachedWorkerPoolEvictor-1" daemon [_thread_blocked, id=60580, stack(0x00000000271f0000,0x00000000272f0000)]
  0x000000001d427800 JavaThread "RxSchedulerPurge-1" daemon [_thread_blocked, id=34284, stack(0x00000000270f0000,0x00000000271f0000)]
  0x000000001d427000 JavaThread "Java Debug Server" daemon [_thread_in_native, id=44464, stack(0x0000000026ef0000,0x0000000026ff0000)]
  0x000000001d426000 JavaThread "Worker-6" [_thread_blocked, id=16768, stack(0x00000000268f0000,0x00000000269f0000)]
  0x000000001d314000 JavaThread "Bundle File Closer" daemon [_thread_blocked, id=43788, stack(0x000000001f810000,0x000000001f910000)]
  0x000000001e022800 JavaThread "pool-1-thread-1" [_thread_in_native, id=32432, stack(0x000000001dd80000,0x000000001de80000)]
  0x000000001948d800 JavaThread "Java indexing" daemon [_thread_blocked, id=32624, stack(0x000000001acf0000,0x000000001adf0000)]
  0x00000000192c8800 JavaThread "Worker-JM" [_thread_blocked, id=17664, stack(0x000000001a5f0000,0x000000001a6f0000)]
  0x0000000019620000 JavaThread "Start Level: Equinox Container: 8808e8f7-5d44-4ceb-8f5d-dbd89b517587" daemon [_thread_blocked, id=13628, stack(0x000000001a040000,0x000000001a140000)]
  0x0000000019327000 JavaThread "Framework Event Dispatcher: Equinox Container: 8808e8f7-5d44-4ceb-8f5d-dbd89b517587" daemon [_thread_blocked, id=52572, stack(0x0000000019f40000,0x000000001a040000)]
  0x000000001871a000 JavaThread "Active Thread: Equinox Container: 8808e8f7-5d44-4ceb-8f5d-dbd89b517587" [_thread_blocked, id=34008, stack(0x0000000018e70000,0x0000000018f70000)]
  0x00000000177f3000 JavaThread "Service Thread" daemon [_thread_blocked, id=56012, stack(0x0000000018330000,0x0000000018430000)]
  0x0000000017770000 JavaThread "C1 CompilerThread3" daemon [_thread_blocked, id=36564, stack(0x0000000018230000,0x0000000018330000)]
  0x000000001776a800 JavaThread "C2 CompilerThread2" daemon [_thread_blocked, id=25496, stack(0x0000000018130000,0x0000000018230000)]
  0x0000000017762000 JavaThread "C2 CompilerThread1" daemon [_thread_blocked, id=25920, stack(0x0000000018030000,0x0000000018130000)]
=>0x000000001775d800 JavaThread "C2 CompilerThread0" daemon [_thread_in_native, id=19392, stack(0x0000000017f30000,0x0000000018030000)]
  0x000000001775b000 JavaThread "Attach Listener" daemon [_thread_blocked, id=16256, stack(0x0000000017e30000,0x0000000017f30000)]
  0x000000001775a800 JavaThread "Signal Dispatcher" daemon [_thread_blocked, id=11108, stack(0x0000000017d30000,0x0000000017e30000)]
  0x0000000002d19000 JavaThread "Finalizer" daemon [_thread_blocked, id=31756, stack(0x0000000017b30000,0x0000000017c30000)]
  0x000000001583d800 JavaThread "Reference Handler" daemon [_thread_blocked, id=27080, stack(0x0000000017630000,0x0000000017730000)]
  0x0000000002c22800 JavaThread "main" [_thread_blocked, id=24396, stack(0x0000000002ad0000,0x0000000002bd0000)]

Other Threads:
  0x0000000015839800 VMThread [stack: 0x0000000017530000,0x0000000017630000] [id=49056]
  0x0000000017805800 WatcherThread [stack: 0x0000000018430000,0x0000000018530000] [id=31552]

VM state:not at safepoint (normal execution)

VM Mutex/Monitor currently owned by a thread: None

Heap:
 PSYoungGen      total 31744K, used 14810K [0x00000000eab00000, 0x00000000ecc00000, 0x0000000100000000)
  eden space 29696K, 43% used [0x00000000eab00000,0x00000000eb79cc20,0x00000000ec800000)
  from space 2048K, 92% used [0x00000000ec800000,0x00000000ec9d9f60,0x00000000eca00000)
  to   space 2048K, 0% used [0x00000000eca00000,0x00000000eca00000,0x00000000ecc00000)
 ParOldGen       total 152576K, used 125323K [0x00000000c0000000, 0x00000000c9500000, 0x00000000eab00000)
  object space 152576K, 82% used [0x00000000c0000000,0x00000000c7a62ce8,0x00000000c9500000)
 Metaspace       used 64738K, capacity 68518K, committed 68608K, reserved 1110016K
  class space    used 6526K, capacity 7675K, committed 7680K, reserved 1048576K

Card table byte_map: [0x00000000120e0000,0x00000000122f0000] byte_map_base: 0x0000000011ae0000

Marking Bits: (ParMarkBitMap*) 0x000000006aa108c0
 Begin Bits: [0x0000000012c50000, 0x0000000013c50000)
 End Bits:   [0x0000000013c50000, 0x0000000014c50000)

Polling page: 0x0000000000950000

CodeCache: size=245760Kb used=36655Kb max_used=36683Kb free=209104Kb
 bounds [0x0000000002d20000, 0x0000000005130000, 0x0000000011d20000]
 total_blobs=10621 nmethods=9953 adapters=576
 compilation: enabled

Compilation events (10 events):
Event: 516.048 Thread 0x0000000017770000 nmethod 12621 0x00000000039b3350 code [0x00000000039b34c0, 0x00000000039b3788]
Event: 516.049 Thread 0x0000000017770000 12622       3       org.eclipse.text.edits.MultiTextEdit::accept0 (16 bytes)
Event: 516.050 Thread 0x0000000017770000 nmethod 12622 0x0000000004c3d810 code [0x0000000004c3d980, 0x0000000004c3dc98]
Event: 516.051 Thread 0x0000000017770000 12623       3       org.eclipse.jdt.internal.core.search.JavaSearchScope::rehash (189 bytes)
Event: 516.053 Thread 0x0000000017770000 nmethod 12623 0x0000000003c8bed0 code [0x0000000003c8c140, 0x0000000003c8d228]
Event: 516.075 Thread 0x0000000017762000 nmethod 12614 0x0000000004139090 code [0x0000000004139320, 0x000000000413a760]
Event: 516.396 Thread 0x000000001776a800 12624       4       java.util.TimSort::mergeHi (732 bytes)
Event: 516.404 Thread 0x0000000017770000 12625       3       org.eclipse.lsp4j.jsonrpc.messages.Either::<init> (15 bytes)
Event: 516.404 Thread 0x0000000017770000 nmethod 12625 0x000000000488d5d0 code [0x000000000488d720, 0x000000000488d8f0]
Event: 516.442 Thread 0x000000001776a800 nmethod 12624 0x000000000413c250 code [0x000000000413c400, 0x000000000413dab8]

GC Heap History (10 events):
Event: 416.063 GC heap before
{Heap before GC invocations=135 (full 6):
 PSYoungGen      total 29184K, used 27890K [0x00000000eab00000, 0x00000000ecc00000, 0x0000000100000000)
  eden space 23552K, 100% used [0x00000000eab00000,0x00000000ec200000,0x00000000ec200000)
  from space 5632K, 77% used [0x00000000ec680000,0x00000000ecabc850,0x00000000ecc00000)
  to   space 4608K, 0% used [0x00000000ec200000,0x00000000ec200000,0x00000000ec680000)
 ParOldGen       total 152576K, used 123444K [0x00000000c0000000, 0x00000000c9500000, 0x00000000eab00000)
  object space 152576K, 80% used [0x00000000c0000000,0x00000000c788d018,0x00000000c9500000)
 Metaspace       used 64216K, capacity 67990K, committed 68096K, reserved 1110016K
  class space    used 6510K, capacity 7671K, committed 7680K, reserved 1048576K
Event: 416.066 GC heap after
Heap after GC invocations=135 (full 6):
 PSYoungGen      total 28160K, used 3258K [0x00000000eab00000, 0x00000000ecc00000, 0x0000000100000000)
  eden space 23552K, 0% used [0x00000000eab00000,0x00000000eab00000,0x00000000ec200000)
  from space 4608K, 70% used [0x00000000ec200000,0x00000000ec52ebb0,0x00000000ec680000)
  to   space 4096K, 0% used [0x00000000ec800000,0x00000000ec800000,0x00000000ecc00000)
 ParOldGen       total 152576K, used 123556K [0x00000000c0000000, 0x00000000c9500000, 0x00000000eab00000)
  object space 152576K, 80% used [0x00000000c0000000,0x00000000c78a9018,0x00000000c9500000)
 Metaspace       used 64216K, capacity 67990K, committed 68096K, reserved 1110016K
  class space    used 6510K, capacity 7671K, committed 7680K, reserved 1048576K
}
Event: 418.187 GC heap before
{Heap before GC invocations=136 (full 6):
 PSYoungGen      total 28160K, used 26810K [0x00000000eab00000, 0x00000000ecc00000, 0x0000000100000000)
  eden space 23552K, 100% used [0x00000000eab00000,0x00000000ec200000,0x00000000ec200000)
  from space 4608K, 70% used [0x00000000ec200000,0x00000000ec52ebb0,0x00000000ec680000)
  to   space 4096K, 0% used [0x00000000ec800000,0x00000000ec800000,0x00000000ecc00000)
 ParOldGen       total 152576K, used 123556K [0x00000000c0000000, 0x00000000c9500000, 0x00000000eab00000)
  object space 152576K, 80% used [0x00000000c0000000,0x00000000c78a9018,0x00000000c9500000)
 Metaspace       used 64289K, capacity 68054K, committed 68096K, reserved 1110016K
  class space    used 6510K, capacity 7671K, committed 7680K, reserved 1048576K
Event: 418.192 GC heap after
Heap after GC invocations=136 (full 6):
 PSYoungGen      total 31232K, used 1815K [0x00000000eab00000, 0x00000000ecc00000, 0x0000000100000000)
  eden space 27136K, 0% used [0x00000000eab00000,0x00000000eab00000,0x00000000ec580000)
  from space 4096K, 44% used [0x00000000ec800000,0x00000000ec9c5f60,0x00000000ecc00000)
  to   space 2560K, 0% used [0x00000000ec580000,0x00000000ec580000,0x00000000ec800000)
 ParOldGen       total 152576K, used 125203K [0x00000000c0000000, 0x00000000c9500000, 0x00000000eab00000)
  object space 152576K, 82% used [0x00000000c0000000,0x00000000c7a44ce8,0x00000000c9500000)
 Metaspace       used 64289K, capacity 68054K, committed 68096K, reserved 1110016K
  class space    used 6510K, capacity 7671K, committed 7680K, reserved 1048576K
}
Event: 420.555 GC heap before
{Heap before GC invocations=137 (full 6):
 PSYoungGen      total 31232K, used 28951K [0x00000000eab00000, 0x00000000ecc00000, 0x0000000100000000)
  eden space 27136K, 100% used [0x00000000eab00000,0x00000000ec580000,0x00000000ec580000)
  from space 4096K, 44% used [0x00000000ec800000,0x00000000ec9c5f60,0x00000000ecc00000)
  to   space 2560K, 0% used [0x00000000ec580000,0x00000000ec580000,0x00000000ec800000)
 ParOldGen       total 152576K, used 125203K [0x00000000c0000000, 0x00000000c9500000, 0x00000000eab00000)
  object space 152576K, 82% used [0x00000000c0000000,0x00000000c7a44ce8,0x00000000c9500000)
 Metaspace       used 64538K, capacity 68262K, committed 68352K, reserved 1110016K
  class space    used 6526K, capacity 7675K, committed 7680K, reserved 1048576K
Event: 420.558 GC heap after
Heap after GC invocations=137 (full 6):
 PSYoungGen      total 29696K, used 1685K [0x00000000eab00000, 0x00000000ecc00000, 0x0000000100000000)
  eden space 27136K, 0% used [0x00000000eab00000,0x00000000eab00000,0x00000000ec580000)
  from space 2560K, 65% used [0x00000000ec580000,0x00000000ec725608,0x00000000ec800000)
  to   space 2048K, 0% used [0x00000000eca00000,0x00000000eca00000,0x00000000ecc00000)
 ParOldGen       total 152576K, used 125243K [0x00000000c0000000, 0x00000000c9500000, 0x00000000eab00000)
  object space 152576K, 82% used [0x00000000c0000000,0x00000000c7a4ece8,0x00000000c9500000)
 Metaspace       used 64538K, capacity 68262K, committed 68352K, reserved 1110016K
  class space    used 6526K, capacity 7675K, committed 7680K, reserved 1048576K
}
Event: 430.260 GC heap before
{Heap before GC invocations=138 (full 6):
 PSYoungGen      total 29696K, used 28821K [0x00000000eab00000, 0x00000000ecc00000, 0x0000000100000000)
  eden space 27136K, 100% used [0x00000000eab00000,0x00000000ec580000,0x00000000ec580000)
  from space 2560K, 65% used [0x00000000ec580000,0x00000000ec725608,0x00000000ec800000)
  to   space 2048K, 0% used [0x00000000eca00000,0x00000000eca00000,0x00000000ecc00000)
 ParOldGen       total 152576K, used 125243K [0x00000000c0000000, 0x00000000c9500000, 0x00000000eab00000)
  object space 152576K, 82% used [0x00000000c0000000,0x00000000c7a4ece8,0x00000000c9500000)
 Metaspace       used 64605K, capacity 68326K, committed 68352K, reserved 1110016K
  class space    used 6526K, capacity 7675K, committed 7680K, reserved 1048576K
Event: 430.263 GC heap after
Heap after GC invocations=138 (full 6):
 PSYoungGen      total 31744K, used 1475K [0x00000000eab00000, 0x00000000ecc00000, 0x0000000100000000)
  eden space 29696K, 0% used [0x00000000eab00000,0x00000000eab00000,0x00000000ec800000)
  from space 2048K, 72% used [0x00000000eca00000,0x00000000ecb70d70,0x00000000ecc00000)
  to   space 2048K, 0% used [0x00000000ec800000,0x00000000ec800000,0x00000000eca00000)
 ParOldGen       total 152576K, used 125283K [0x00000000c0000000, 0x00000000c9500000, 0x00000000eab00000)
  object space 152576K, 82% used [0x00000000c0000000,0x00000000c7a58ce8,0x00000000c9500000)
 Metaspace       used 64605K, capacity 68326K, committed 68352K, reserved 1110016K
  class space    used 6526K, capacity 7675K, committed 7680K, reserved 1048576K
}
Event: 513.865 GC heap before
{Heap before GC invocations=139 (full 6):
 PSYoungGen      total 31744K, used 31171K [0x00000000eab00000, 0x00000000ecc00000, 0x0000000100000000)
  eden space 29696K, 100% used [0x00000000eab00000,0x00000000ec800000,0x00000000ec800000)
  from space 2048K, 72% used [0x00000000eca00000,0x00000000ecb70d70,0x00000000ecc00000)
  to   space 2048K, 0% used [0x00000000ec800000,0x00000000ec800000,0x00000000eca00000)
 ParOldGen       total 152576K, used 125283K [0x00000000c0000000, 0x00000000c9500000, 0x00000000eab00000)
  object space 152576K, 82% used [0x00000000c0000000,0x00000000c7a58ce8,0x00000000c9500000)
 Metaspace       used 64695K, capacity 68518K, committed 68608K, reserved 1110016K
  class space    used 6526K, capacity 7675K, committed 7680K, reserved 1048576K
Event: 513.867 GC heap after
Heap after GC invocations=139 (full 6):
 PSYoungGen      total 31744K, used 1895K [0x00000000eab00000, 0x00000000ecc00000, 0x0000000100000000)
  eden space 29696K, 0% used [0x00000000eab00000,0x00000000eab00000,0x00000000ec800000)
  from space 2048K, 92% used [0x00000000ec800000,0x00000000ec9d9f60,0x00000000eca00000)
  to   space 2048K, 0% used [0x00000000eca00000,0x00000000eca00000,0x00000000ecc00000)
 ParOldGen       total 152576K, used 125323K [0x00000000c0000000, 0x00000000c9500000, 0x00000000eab00000)
  object space 152576K, 82% used [0x00000000c0000000,0x00000000c7a62ce8,0x00000000c9500000)
 Metaspace       used 64695K, capacity 68518K, committed 68608K, reserved 1110016K
  class space    used 6526K, capacity 7675K, committed 7680K, reserved 1048576K
}

Deoptimization events (10 events):
Event: 421.195 Thread 0x000000001d42c000 Uncommon trap: reason=class_check action=maybe_recompile pc=0x00000000050caa78 method=java.util.stream.AbstractPipeline.evaluate(Ljava/util/Spliterator;ZLjava/util/function/IntFunction;)Ljava/util/stream/Node; @ 35
Event: 428.707 Thread 0x00000000194f6800 Uncommon trap: reason=class_check action=maybe_recompile pc=0x0000000004edccc8 method=org.eclipse.jdt.internal.compiler.parser.Parser.consumeRule(I)V @ 7424
Event: 428.790 Thread 0x000000001d312800 Uncommon trap: reason=class_check action=maybe_recompile pc=0x00000000050caa78 method=java.util.stream.AbstractPipeline.evaluate(Ljava/util/Spliterator;ZLjava/util/function/IntFunction;)Ljava/util/stream/Node; @ 35
Event: 428.791 Thread 0x000000001d312800 Uncommon trap: reason=class_check action=maybe_recompile pc=0x00000000050caa78 method=java.util.stream.AbstractPipeline.evaluate(Ljava/util/Spliterator;ZLjava/util/function/IntFunction;)Ljava/util/stream/Node; @ 35
Event: 428.793 Thread 0x000000001d311000 Uncommon trap: reason=class_check action=maybe_recompile pc=0x0000000004edccc8 method=org.eclipse.jdt.internal.compiler.parser.Parser.consumeRule(I)V @ 7424
Event: 434.720 Thread 0x000000001d423000 Uncommon trap: reason=array_check action=maybe_recompile pc=0x0000000004bf4058 method=java.util.TimSort.mergeHi(IIII)V @ 250
Event: 434.744 Thread 0x000000001d30e000 Uncommon trap: reason=array_check action=maybe_recompile pc=0x0000000004bf40d8 method=java.util.TimSort.mergeHi(IIII)V @ 282
Event: 434.744 Thread 0x000000001d30e000 Uncommon trap: reason=array_check action=maybe_recompile pc=0x0000000004bf4058 method=java.util.TimSort.mergeHi(IIII)V @ 250
Event: 513.759 Thread 0x000000001d426000 Uncommon trap: reason=array_check action=maybe_recompile pc=0x000000000511f5b0 method=java.util.TimSort.mergeHi(IIII)V @ 419
Event: 513.844 Thread 0x000000001d424000 Uncommon trap: reason=array_check action=maybe_recompile pc=0x000000000511f5b0 method=java.util.TimSort.mergeHi(IIII)V @ 419

Classes redefined (0 events):
No events

Internal exceptions (10 events):
Event: 514.779 Thread 0x000000001d424000 Exception <a 'java/lang/ArrayIndexOutOfBoundsException'> (0x00000000ead62640) thrown at [C:\re\workspace\8-2-build-windows-amd64-cygwin\jdk8u171\10807\hotspot\src\share\vm\runtime\sharedRuntime.cpp, line 605]
Event: 514.779 Thread 0x000000001d424000 Exception <a 'java/lang/ArrayIndexOutOfBoundsException'> (0x00000000ead628f0) thrown at [C:\re\workspace\8-2-build-windows-amd64-cygwin\jdk8u171\10807\hotspot\src\share\vm\runtime\sharedRuntime.cpp, line 605]
Event: 514.779 Thread 0x000000001d424000 Exception <a 'java/lang/ArrayIndexOutOfBoundsException'> (0x00000000ead62ba0) thrown at [C:\re\workspace\8-2-build-windows-amd64-cygwin\jdk8u171\10807\hotspot\src\share\vm\runtime\sharedRuntime.cpp, line 605]
Event: 514.795 Thread 0x000000001d42d800 Exception <a 'java/lang/ClassNotFoundException': sun/net/www/protocol/jdt/Handler> (0x00000000eaf54870) thrown at [C:\re\workspace\8-2-build-windows-amd64-cygwin\jdk8u171\10807\hotspot\src\share\vm\classfile\systemDictionary.cpp, line 210]
Event: 515.994 Thread 0x000000001d430000 Exception <a 'java/lang/ArrayIndexOutOfBoundsException'> (0x00000000eb109868) thrown at [C:\re\workspace\8-2-build-windows-amd64-cygwin\jdk8u171\10807\hotspot\src\share\vm\runtime\sharedRuntime.cpp, line 605]
Event: 515.994 Thread 0x000000001d430000 Exception <a 'java/lang/ArrayIndexOutOfBoundsException'> (0x00000000eb109aa0) thrown at [C:\re\workspace\8-2-build-windows-amd64-cygwin\jdk8u171\10807\hotspot\src\share\vm\runtime\sharedRuntime.cpp, line 605]
Event: 516.023 Thread 0x000000001d424000 Exception <a 'java/lang/ArrayIndexOutOfBoundsException'> (0x00000000eb15ee30) thrown at [C:\re\workspace\8-2-build-windows-amd64-cygwin\jdk8u171\10807\hotspot\src\share\vm\runtime\sharedRuntime.cpp, line 605]
Event: 516.023 Thread 0x000000001d424000 Exception <a 'java/lang/ArrayIndexOutOfBoundsException'> (0x00000000eb15f068) thrown at [C:\re\workspace\8-2-build-windows-amd64-cygwin\jdk8u171\10807\hotspot\src\share\vm\runtime\sharedRuntime.cpp, line 605]
Event: 516.070 Thread 0x000000001d42f000 Exception <a 'java/lang/ArrayIndexOutOfBoundsException'> (0x00000000eb475150) thrown at [C:\re\workspace\8-2-build-windows-amd64-cygwin\jdk8u171\10807\hotspot\src\share\vm\runtime\sharedRuntime.cpp, line 605]
Event: 516.070 Thread 0x000000001d42f000 Exception <a 'java/lang/ArrayIndexOutOfBoundsException'> (0x00000000eb475388) thrown at [C:\re\workspace\8-2-build-windows-amd64-cygwin\jdk8u171\10807\hotspot\src\share\vm\runtime\sharedRuntime.cpp, line 605]

Events (10 events):
Event: 514.790 Thread 0x000000001d42d800 Thread added: 0x000000001d42d800
Event: 514.795 loading class sun/net/www/protocol/jdt/Handler
Event: 514.795 loading class sun/net/www/protocol/jdt/Handler done
Event: 514.795 loading class sun/net/www/protocol/jdt/Handler
Event: 514.795 loading class sun/net/www/protocol/jdt/Handler done
Event: 515.766 Thread 0x000000001d42f000 Thread added: 0x000000001d42f000
Event: 515.835 Thread 0x000000001d42c000 Thread added: 0x000000001d42c000
Event: 516.046 Executing VM operation: BulkRevokeBias
Event: 516.047 Executing VM operation: BulkRevokeBias done
Event: 516.390 Thread 0x000000001d431800 Thread added: 0x000000001d431800


Dynamic libraries:
0x00007ff74e100000 - 0x00007ff74e137000 	C:\Program Files\Java\jdk1.8.0_171\bin\java.exe
0x00007ffb332e0000 - 0x00007ffb334cd000 	C:\WINDOWS\SYSTEM32\ntdll.dll
0x00007ffb30950000 - 0x00007ffb30a03000 	C:\WINDOWS\System32\KERNEL32.DLL
0x00007ffb2ff90000 - 0x00007ffb30225000 	C:\WINDOWS\System32\KERNELBASE.dll
0x000000006cf00000 - 0x000000006cf93000 	C:\WINDOWS\System32\SYSFER.DLL
0x00007ffb328f0000 - 0x00007ffb32993000 	C:\WINDOWS\System32\ADVAPI32.dll
0x00007ffb33210000 - 0x00007ffb332ae000 	C:\WINDOWS\System32\msvcrt.dll
0x00007ffb32a70000 - 0x00007ffb32b0e000 	C:\WINDOWS\System32\sechost.dll
0x00007ffb30820000 - 0x00007ffb30942000 	C:\WINDOWS\System32\RPCRT4.dll
0x00007ffb30680000 - 0x00007ffb30817000 	C:\WINDOWS\System32\USER32.dll
0x00007ffb2f3d0000 - 0x00007ffb2f3f0000 	C:\WINDOWS\System32\win32u.dll
0x00007ffb31100000 - 0x00007ffb31129000 	C:\WINDOWS\System32\GDI32.dll
0x00007ffb30290000 - 0x00007ffb30429000 	C:\WINDOWS\System32\gdi32full.dll
0x00007ffb2fe40000 - 0x00007ffb2fee0000 	C:\WINDOWS\System32\msvcp_win.dll
0x00007ffb2fb60000 - 0x00007ffb2fc5a000 	C:\WINDOWS\System32\ucrtbase.dll
0x00007ffb10de0000 - 0x00007ffb11059000 	C:\WINDOWS\WinSxS\amd64_microsoft.windows.common-controls_6595b64144ccf1df_6.0.17763.1132_none_de70b5a4534bbd0b\COMCTL32.dll
0x00007ffb30dd0000 - 0x00007ffb310fc000 	C:\WINDOWS\System32\combase.dll
0x00007ffb30430000 - 0x00007ffb304ae000 	C:\WINDOWS\System32\bcryptPrimitives.dll
0x00007ffb313c0000 - 0x00007ffb313ee000 	C:\WINDOWS\System32\IMM32.DLL
0x00007ffb2e520000 - 0x00007ffb2e6a8000 	C:\Program Files\Avecto\Privilege Guard Client\PGHook.dll
0x00007ffb2f3f0000 - 0x00007ffb2f407000 	C:\WINDOWS\System32\CRYPTSP.dll
0x00007ffb2e2d0000 - 0x00007ffb2e303000 	C:\WINDOWS\system32\rsaenh.dll
0x00007ffb2f3a0000 - 0x00007ffb2f3c6000 	C:\WINDOWS\System32\bcrypt.dll
0x00007ffb2ed10000 - 0x00007ffb2ed1c000 	C:\WINDOWS\SYSTEM32\CRYPTBASE.dll
0x00007ffb313f0000 - 0x00007ffb328e4000 	C:\WINDOWS\System32\shell32.dll
0x00007ffb304b0000 - 0x00007ffb304fa000 	C:\WINDOWS\System32\cfgmgr32.dll
0x00007ffb32b10000 - 0x00007ffb32bb8000 	C:\WINDOWS\System32\shcore.dll
0x00007ffb2f410000 - 0x00007ffb2fb5d000 	C:\WINDOWS\System32\windows.storage.dll
0x00007ffb2f350000 - 0x00007ffb2f374000 	C:\WINDOWS\System32\profapi.dll
0x00007ffb2f2f0000 - 0x00007ffb2f34d000 	C:\WINDOWS\System32\powrprof.dll
0x00007ffb30a90000 - 0x00007ffb30ae2000 	C:\WINDOWS\System32\shlwapi.dll
0x00007ffb2f2d0000 - 0x00007ffb2f2e1000 	C:\WINDOWS\System32\kernel.appcore.dll
0x000000006aa90000 - 0x000000006ab62000 	C:\Program Files\Java\jdk1.8.0_171\jre\bin\msvcr100.dll
0x000000006a1f0000 - 0x000000006aa90000 	C:\Program Files\Java\jdk1.8.0_171\jre\bin\server\jvm.dll
0x00007ffb330a0000 - 0x00007ffb330a8000 	C:\WINDOWS\System32\PSAPI.DLL
0x00007ffb17d30000 - 0x00007ffb17d39000 	C:\WINDOWS\SYSTEM32\WSOCK32.dll
0x00007ffb329a0000 - 0x00007ffb32a0d000 	C:\WINDOWS\System32\WS2_32.dll
0x00007ffb295f0000 - 0x00007ffb29614000 	C:\WINDOWS\SYSTEM32\WINMM.dll
0x00007ffb1e980000 - 0x00007ffb1e98a000 	C:\WINDOWS\SYSTEM32\VERSION.dll
0x00007ffb295c0000 - 0x00007ffb295ed000 	C:\WINDOWS\SYSTEM32\WINMMBASE.dll
0x000000006c110000 - 0x000000006c11f000 	C:\Program Files\Java\jdk1.8.0_171\jre\bin\verify.dll
0x000000006c0e0000 - 0x000000006c109000 	C:\Program Files\Java\jdk1.8.0_171\jre\bin\java.dll
0x000000006c0c0000 - 0x000000006c0d6000 	C:\Program Files\Java\jdk1.8.0_171\jre\bin\zip.dll
0x000000006a1d0000 - 0x000000006a1ea000 	C:\Program Files\Java\jdk1.8.0_171\jre\bin\net.dll
0x00007ffb2eb40000 - 0x00007ffb2eba7000 	C:\WINDOWS\system32\mswsock.dll
0x000000006a1b0000 - 0x000000006a1c1000 	C:\Program Files\Java\jdk1.8.0_171\jre\bin\nio.dll
0x00007ffb2f200000 - 0x00007ffb2f228000 	C:\WINDOWS\SYSTEM32\USERENV.dll
0x00007ffb2e860000 - 0x00007ffb2e89d000 	C:\WINDOWS\SYSTEM32\IPHLPAPI.DLL
0x00007ffb30670000 - 0x00007ffb30678000 	C:\WINDOWS\System32\NSI.dll
0x00007ffb25920000 - 0x00007ffb25936000 	C:\WINDOWS\SYSTEM32\dhcpcsvc6.DLL
0x00007ffb25900000 - 0x00007ffb2591c000 	C:\WINDOWS\SYSTEM32\dhcpcsvc.DLL
0x00007ffb2e8b0000 - 0x00007ffb2e977000 	C:\WINDOWS\SYSTEM32\DNSAPI.dll
0x00007ffb0fb00000 - 0x00007ffb0fb29000 	C:\Users\ekamidi\AppData\Roaming\Code\User\globalStorage\redhat.java\0.60.0\config_win\org.eclipse.equinox.launcher\org.eclipse.equinox.launcher.win32.win32.x86_64_1.1.1100.v20190907-0426\eclipse_1902.dll
0x00007ffb1b400000 - 0x00007ffb1b411000 	C:\Users\ekamidi\AppData\Roaming\Code\User\globalStorage\redhat.java\0.60.0\config_win\org.eclipse.osgi\20\0\.cp\jWinHttp-1.0.0.dll
0x00007ffb330b0000 - 0x00007ffb33205000 	C:\WINDOWS\System32\ole32.dll
0x00007ffb26a50000 - 0x00007ffb26b42000 	C:\WINDOWS\SYSTEM32\WINHTTP.dll
0x000000006a170000 - 0x000000006a194000 	C:\Program Files\Java\jdk1.8.0_171\jre\bin\sunec.dll
0x000000006a160000 - 0x000000006a16b000 	C:\Program Files\Java\jdk1.8.0_171\jre\bin\sunmscapi.dll
0x00007ffb2fc60000 - 0x00007ffb2fe3c000 	C:\WINDOWS\System32\CRYPT32.dll
0x00007ffb2f380000 - 0x00007ffb2f392000 	C:\WINDOWS\System32\MSASN1.dll
0x00007ffb1d8c0000 - 0x00007ffb1d8ca000 	C:\Windows\System32\rasadhlp.dll
0x00007ffb25bf0000 - 0x00007ffb25c69000 	C:\WINDOWS\System32\fwpuclnt.dll

VM Arguments:
jvm_args: -Declipse.application=org.eclipse.jdt.ls.core.id1 -Dosgi.bundles.defaultStartLevel=4 -Declipse.product=org.eclipse.jdt.ls.core.product -Dfile.encoding=utf8 -DwatchParentProcess=false -XX:+UseParallelGC -XX:GCTimeRatio=4 -XX:AdaptiveSizePolicyWeight=90 -Dsun.zip.disableMemoryMapping=true -Xmx1G -Xms100m -Xverify:none 
java_command: c:\Users\ekamidi\.vscode\extensions\redhat.java-0.60.0\server\plugins\org.eclipse.equinox.launcher_1.5.700.v20200207-2156.jar -configuration c:\Users\ekamidi\AppData\Roaming\Code\User\globalStorage\redhat.java\0.60.0\config_win -data c:\Users\ekamidi\AppData\Roaming\Code\User\workspaceStorage\75b51958eccb2dfe781c4e84b1404e0e\redhat.java\jdt_ws
java_class_path (initial): c:\Users\ekamidi\.vscode\extensions\redhat.java-0.60.0\server\plugins\org.eclipse.equinox.launcher_1.5.700.v20200207-2156.jar
Launcher Type: SUN_STANDARD

Environment Variables:
PATH=C:\Program Files (x86)\Common Files\Oracle\Java\javapath;C:\ProgramData\Oracle\Java\javapath;C:\WINDOWS\system32;C:\WINDOWS;C:\WINDOWS\System32\Wbem;C:\WINDOWS\System32\WindowsPowerShell\v1.0\;C:\Program Files\PuTTY\;C:\Program Files\Intel\WiFi\bin\;C:\Program Files\Common Files\Intel\WirelessCommon\;C:\Program Files\Kubernetes\Minikube;C:\WINDOWS\system32\config\systemprofile\AppData\Local\Microsoft\WindowsApps;C:\Program Files (x86)\Adaptiva\AdaptivaClient\bin\x32;C:\Program Files (x86)\Adaptiva\AdaptivaClient\bin\x64;C:\Program Files\Amazon\AWSCLI\bin\;%SystemRoot%\system32;%SystemRoot%;%SystemRoot%\System32\Wbem;%SYSTEMROOT%\System32\WindowsPowerShell\v1.0\;%SYSTEMROOT%\System32\OpenSSH\;C:\Users\ekamidi\AppData\Local\Microsoft\WindowsApps;C:\Users\ekamidi\AppData\Local\Programs\Microsoft VS Code\bin;C:\bin;
USERNAME=ekamidi
OS=Windows_NT
PROCESSOR_IDENTIFIER=Intel64 Family 6 Model 142 Stepping 10, GenuineIntel



---------------  S Y S T E M  ---------------

OS: Windows 10.0 , 64 bit Build 17763 (10.0.17763.1131)

CPU:total 8 (initial active 8) (4 cores per cpu, 2 threads per core) family 6 model 142 stepping 10, cmov, cx8, fxsr, mmx, sse, sse2, sse3, ssse3, sse4.1, sse4.2, popcnt, avx, avx2, aes, clmul, erms, rtm, 3dnowpref, lzcnt, ht, tsc, tscinvbit, bmi1, bmi2, adx

Memory: 4k page, physical 16620744k(527908k free), swap 47634416k(31564k free)

vm_info: Java HotSpot(TM) 64-Bit Server VM (25.171-b11) for windows-amd64 JRE (1.8.0_171-b11), built on Mar 28 2018 16:06:12 by "java_re" with MS VC++ 10.0 (VS2010)

time: Wed Apr 29 02:28:31 2020
elapsed time: 516 seconds (0d 0h 8m 36s)

